{"C:\\Users\\vc-vamshi.motoori\\Desktop\\react-native\\Youtube\\App.js": {"path":"C:\\Users\\vc-vamshi.motoori\\Desktop\\react-native\\Youtube\\App.js","statementMap":{"0":{"start":{"line":7,"column":12},"end":{"line":41,"column":1}},"1":{"start":{"line":8,"column":23},"end":{"line":8,"column":35}},"2":{"start":{"line":9,"column":23},"end":{"line":9,"column":35}},"3":{"start":{"line":10,"column":29},"end":{"line":10,"column":41}},"4":{"start":{"line":12,"column":13},"end":{"line":21,"column":3}},"5":{"start":{"line":13,"column":5},"end":{"line":13,"column":39}},"6":{"start":{"line":14,"column":4},"end":{"line":17,"column":5}},"7":{"start":{"line":19,"column":4},"end":{"line":19,"column":44}},"8":{"start":{"line":19,"column":24},"end":{"line":19,"column":43}},"9":{"start":{"line":24,"column":2},"end":{"line":40,"column":5}},"10":{"start":{"line":28,"column":35},"end":{"line":28,"column":45}},"11":{"start":{"line":31,"column":38},"end":{"line":31,"column":48}}},"fnMap":{"0":{"name":"(anonymous_0)","decl":{"start":{"line":7,"column":12},"end":{"line":7,"column":13}},"loc":{"start":{"line":7,"column":18},"end":{"line":41,"column":1}},"line":7},"1":{"name":"(anonymous_1)","decl":{"start":{"line":12,"column":13},"end":{"line":12,"column":14}},"loc":{"start":{"line":12,"column":17},"end":{"line":21,"column":3}},"line":12},"2":{"name":"(anonymous_2)","decl":{"start":{"line":19,"column":15},"end":{"line":19,"column":16}},"loc":{"start":{"line":19,"column":24},"end":{"line":19,"column":43}},"line":19},"3":{"name":"(anonymous_3)","decl":{"start":{"line":28,"column":29},"end":{"line":28,"column":30}},"loc":{"start":{"line":28,"column":34},"end":{"line":28,"column":46}},"line":28},"4":{"name":"(anonymous_4)","decl":{"start":{"line":31,"column":32},"end":{"line":31,"column":33}},"loc":{"start":{"line":31,"column":37},"end":{"line":31,"column":49}},"line":31}},"branchMap":{},"s":{"0":1,"1":0,"2":0,"3":0,"4":0,"5":0,"6":0,"7":0,"8":0,"9":0,"10":0,"11":0},"f":{"0":0,"1":0,"2":0,"3":0,"4":0},"b":{},"_coverageSchema":"1a1c01bbd47fc00a2c39e90264f33305004495a9","hash":"81145428c4f8f3d131835ee088e31f621e2f7844"}
,"C:\\Users\\vc-vamshi.motoori\\Desktop\\react-native\\Youtube\\src\\api.js": {"path":"C:\\Users\\vc-vamshi.motoori\\Desktop\\react-native\\Youtube\\src\\api.js","statementMap":{"0":{"start":{"line":4,"column":12},"end":{"line":10,"column":1}},"1":{"start":{"line":5,"column":4},"end":{"line":9,"column":7}}},"fnMap":{"0":{"name":"(anonymous_0)","decl":{"start":{"line":4,"column":12},"end":{"line":4,"column":13}},"loc":{"start":{"line":4,"column":18},"end":{"line":10,"column":1}},"line":4}},"branchMap":{},"s":{"0":1,"1":1},"f":{"0":1},"b":{},"_coverageSchema":"1a1c01bbd47fc00a2c39e90264f33305004495a9","hash":"1b4897147090d6dc051c18f4bedfcb8ecdc545ae"}
}
